<?xml version="1.0" encoding="UTF-8"?>
<!-- Generated by org.testng.reporters.JUnitReportReporter -->
<testsuite skipped="1" hostname="DESKTOP-U067ESR" name="com.swetha.testcases.AddCustomerTest" tests="1" failures="0" timestamp="22 Apr 2020 20:49:40 GMT" time="0.000" errors="0">
  <testcase name="addCustomer" time="0.000" classname="com.swetha.testcases.AddCustomerTest">
    <skipped/>
  </testcase> <!-- addCustomer -->
</testsuite> <!-- com.swetha.testcases.AddCustomerTest -->
