<?xml version="1.0" encoding="UTF-8"?>
<!-- Generated by org.testng.reporters.JUnitReportReporter -->
<testsuite skipped="0" hostname="DESKTOP-U067ESR" name="com.swetha.testcases.BankManagerLoginTest" tests="1" failures="0" timestamp="22 Apr 2020 20:49:40 GMT" time="3.334" errors="0">
  <testcase name="loginAsBankManager" time="3.334" classname="com.swetha.testcases.BankManagerLoginTest"/>
</testsuite> <!-- com.swetha.testcases.BankManagerLoginTest -->
