<?xml version="1.0" encoding="UTF-8"?>
<!-- Generated by org.testng.reporters.JUnitReportReporter -->
<testsuite skipped="0" hostname="DESKTOP-U067ESR" name="com.swetha.testcases.LoginTest" tests="1" failures="0" timestamp="17 Apr 2020 20:37:04 GMT" time="3.586" errors="0">
  <testcase name="loginAsBankManager" time="3.586" classname="com.swetha.testcases.LoginTest"/>
</testsuite> <!-- com.swetha.testcases.LoginTest -->
