<?xml version="1.0" encoding="UTF-8"?>
<!-- Generated by org.testng.reporters.JUnitReportReporter -->
<testsuite skipped="0" hostname="DESKTOP-U067ESR" name="com.swetha.testcases.LoginTest" tests="1" failures="0" timestamp="2020-04-17T01:44:13 IST" time="3.143" errors="0">
  <testcase name="loginAsBankManager" time="3.143" classname="com.swetha.testcases.LoginTest"/>
  <system-out/>
</testsuite> <!-- com.swetha.testcases.LoginTest -->
